<?xml version="1.0" encoding="UTF-8"?>
<testng-results ignored="0" total="1" passed="1" failed="0" skipped="0">
  <reporter-output>
  </reporter-output>
  <suite started-at="2025-05-09T12:46:21 IST" name="Default suite" finished-at="2025-05-09T12:46:21 IST" duration-ms="72">
    <groups>
    </groups>
    <test started-at="2025-05-09T12:46:21 IST" name="Default test" finished-at="2025-05-09T12:46:21 IST" duration-ms="72">
      <class name="test.Over_write_filetest">
        <test-method signature="testWriteOperation()[pri:0, instance:test.Over_write_filetest@15043a2f]" started-at="2025-05-09T12:46:21 IST" name="testWriteOperation" finished-at="2025-05-09T12:46:21 IST" duration-ms="38" status="PASS">
          <reporter-output>
          </reporter-output>
        </test-method> <!-- testWriteOperation -->
      </class> <!-- test.Over_write_filetest -->
    </test> <!-- Default test -->
  </suite> <!-- Default suite -->
</testng-results>
